# JRE version: OpenJDK Runtime Environment Temurin-21.0.9+10 (21.0.9+10) (build 21.0.9+10-LTS)
# Java VM: OpenJDK 64-Bit Server VM Temurin-21.0.9+10 (21.0.9+10-LTS, mixed mode, sharing, tiered, compressed oops, compressed class ptrs, parallel gc, windows-amd64)
GC Precious Log:
 CardTable entry size: 512
 CPUs: 16 total, 16 available
 Memory: 16076M
 Large Page Support: Disabled
 NUMA Support: Disabled
 Compressed Oops: Enabled (32-bit)
 Alignments: Space 512K, Generation 512K, Heap 2M
 Heap Min Capacity: 100M
 Heap Initial Capacity: 100M
 Heap Max Capacity: 2G
 Pre-touch: Disabled
 Parallel Workers: 13
Heap:
 PSYoungGen      total 3584K, used 2931K [0x00000000d5580000, 0x00000000d5c00000, 0x0000000100000000)
  eden space 3072K, 82% used [0x00000000d5580000,0x00000000d57fcf18,0x00000000d5880000)
  from space 512K, 75% used [0x00000000d5b80000,0x00000000d5be0000,0x00000000d5c00000)
  to   space 512K, 0% used [0x00000000d5b00000,0x00000000d5b00000,0x00000000d5b80000)
 ParOldGen       total 462848K, used 462603K [0x0000000080000000, 0x000000009c400000, 0x00000000d5580000)
  object space 462848K, 99% used [0x0000000080000000,0x000000009c3c2e80,0x000000009c400000)
 Metaspace       used 78043K, committed 79680K, reserved 1179648K
  class space    used 9537K, committed 10240K, reserved 1048576K
GC Heap History (20 events):
Event: 28.374 GC heap before
{Heap before GC invocations=510 (full 3):
 PSYoungGen      total 4608K, used 4211K [0x00000000d5580000, 0x00000000d5c00000, 0x0000000100000000)
  eden space 2560K, 99% used [0x00000000d5580000,0x00000000d57fcfd8,0x00000000d5800000)
  from space 2048K, 81% used [0x00000000d5a00000,0x00000000d5ba0000,0x00000000d5c00000)
  to   space 2048K, 0% used [0x00000000d5800000,0x00000000d5800000,0x00000000d5a00000)
 ParOldGen       total 458240K, used 458100K [0x0000000080000000, 0x000000009bf80000, 0x00000000d5580000)
  object space 458240K, 99% used [0x0000000080000000,0x000000009bf5d3e8,0x000000009bf80000)
 Metaspace       used 77063K, committed 78656K, reserved 1179648K
  class space    used 9443K, committed 10112K, reserved 1048576K
}
Event: 28.378 GC heap after
{Heap after GC invocations=510 (full 3):
 PSYoungGen      total 4608K, used 2048K [0x00000000d5580000, 0x00000000d6080000, 0x0000000100000000)
  eden space 2560K, 0% used [0x00000000d5580000,0x00000000d5580000,0x00000000d5800000)
  from space 2048K, 100% used [0x00000000d5800000,0x00000000d5a00000,0x00000000d5a00000)
  to   space 4096K, 0% used [0x00000000d5c80000,0x00000000d5c80000,0x00000000d6080000)
 ParOldGen       total 459776K, used 459572K [0x0000000080000000, 0x000000009c100000, 0x00000000d5580000)
  object space 459776K, 99% used [0x0000000080000000,0x000000009c0cd3e8,0x000000009c100000)
 Metaspace       used 77063K, committed 78656K, reserved 1179648K
  class space    used 9443K, committed 10112K, reserved 1048576K
}
Event: 28.448 GC heap before
{Heap before GC invocations=511 (full 3):
 PSYoungGen      total 4608K, used 4607K [0x00000000d5580000, 0x00000000d6080000, 0x0000000100000000)
  eden space 2560K, 99% used [0x00000000d5580000,0x00000000d57ffff8,0x00000000d5800000)
  from space 2048K, 100% used [0x00000000d5800000,0x00000000d5a00000,0x00000000d5a00000)
  to   space 4096K, 0% used [0x00000000d5c80000,0x00000000d5c80000,0x00000000d6080000)
 ParOldGen       total 459776K, used 459572K [0x0000000080000000, 0x000000009c100000, 0x00000000d5580000)
  object space 459776K, 99% used [0x0000000080000000,0x000000009c0cd3e8,0x000000009c100000)
 Metaspace       used 77244K, committed 78784K, reserved 1179648K
  class space    used 9463K, committed 10112K, reserved 1048576K
}
Event: 28.451 GC heap after
{Heap after GC invocations=511 (full 3):
 PSYoungGen      total 3584K, used 320K [0x00000000d5580000, 0x00000000d5d00000, 0x0000000100000000)
  eden space 3072K, 0% used [0x00000000d5580000,0x00000000d5580000,0x00000000d5880000)
  from space 512K, 62% used [0x00000000d5c80000,0x00000000d5cd0020,0x00000000d5d00000)
  to   space 1536K, 0% used [0x00000000d5a00000,0x00000000d5a00000,0x00000000d5b80000)
 ParOldGen       total 461824K, used 461540K [0x0000000080000000, 0x000000009c300000, 0x00000000d5580000)
  object space 461824K, 99% used [0x0000000080000000,0x000000009c2b93e8,0x000000009c300000)
 Metaspace       used 77244K, committed 78784K, reserved 1179648K
  class space    used 9463K, committed 10112K, reserved 1048576K
}
Event: 30.870 GC heap before
{Heap before GC invocations=512 (full 3):
 PSYoungGen      total 3584K, used 3392K [0x00000000d5580000, 0x00000000d5d00000, 0x0000000100000000)
  eden space 3072K, 100% used [0x00000000d5580000,0x00000000d5880000,0x00000000d5880000)
  from space 512K, 62% used [0x00000000d5c80000,0x00000000d5cd0020,0x00000000d5d00000)
  to   space 1536K, 0% used [0x00000000d5a00000,0x00000000d5a00000,0x00000000d5b80000)
 ParOldGen       total 461824K, used 461540K [0x0000000080000000, 0x000000009c300000, 0x00000000d5580000)
  object space 461824K, 99% used [0x0000000080000000,0x000000009c2b93e8,0x000000009c300000)
 Metaspace       used 77313K, committed 78848K, reserved 1179648K
  class space    used 9464K, committed 10112K, reserved 1048576K
}
Event: 30.872 GC heap after
{Heap after GC invocations=512 (full 3):
 PSYoungGen      total 4608K, used 1280K [0x00000000d5580000, 0x00000000d5d00000, 0x0000000100000000)
  eden space 3072K, 0% used [0x00000000d5580000,0x00000000d5580000,0x00000000d5880000)
  from space 1536K, 83% used [0x00000000d5a00000,0x00000000d5b40030,0x00000000d5b80000)
  to   space 1536K, 0% used [0x00000000d5b80000,0x00000000d5b80000,0x00000000d5d00000)
 ParOldGen       total 461824K, used 461789K [0x0000000080000000, 0x000000009c300000, 0x00000000d5580000)
  object space 461824K, 99% used [0x0000000080000000,0x000000009c2f7418,0x000000009c300000)
 Metaspace       used 77313K, committed 78848K, reserved 1179648K
  class space    used 9464K, committed 10112K, reserved 1048576K
}
Event: 365.728 GC heap before
{Heap before GC invocations=513 (full 3):
 PSYoungGen      total 4608K, used 4352K [0x00000000d5580000, 0x00000000d5d00000, 0x0000000100000000)
  eden space 3072K, 99% used [0x00000000d5580000,0x00000000d587ffe8,0x00000000d5880000)
  from space 1536K, 83% used [0x00000000d5a00000,0x00000000d5b40030,0x00000000d5b80000)
  to   space 1536K, 0% used [0x00000000d5b80000,0x00000000d5b80000,0x00000000d5d00000)
 ParOldGen       total 461824K, used 461789K [0x0000000080000000, 0x000000009c300000, 0x00000000d5580000)
  object space 461824K, 99% used [0x0000000080000000,0x000000009c2f7418,0x000000009c300000)
 Metaspace       used 77572K, committed 79104K, reserved 1179648K
  class space    used 9493K, committed 10176K, reserved 1048576K
}
Event: 365.731 GC heap after
{Heap after GC invocations=513 (full 3):
 PSYoungGen      total 3584K, used 342K [0x00000000d5580000, 0x00000000d5c00000, 0x0000000100000000)
  eden space 3072K, 0% used [0x00000000d5580000,0x00000000d5580000,0x00000000d5880000)
  from space 512K, 66% used [0x00000000d5b80000,0x00000000d5bd58b8,0x00000000d5c00000)
  to   space 1024K, 0% used [0x00000000d5a00000,0x00000000d5a00000,0x00000000d5b00000)
 ParOldGen       total 462336K, used 462117K [0x0000000080000000, 0x000000009c380000, 0x00000000d5580000)
  object space 462336K, 99% used [0x0000000080000000,0x000000009c349418,0x000000009c380000)
 Metaspace       used 77572K, committed 79104K, reserved 1179648K
  class space    used 9493K, committed 10176K, reserved 1048576K
}
Event: 450.484 GC heap before
{Heap before GC invocations=514 (full 3):
 PSYoungGen      total 3584K, used 3414K [0x00000000d5580000, 0x00000000d5c00000, 0x0000000100000000)
  eden space 3072K, 100% used [0x00000000d5580000,0x00000000d5880000,0x00000000d5880000)
  from space 512K, 66% used [0x00000000d5b80000,0x00000000d5bd58b8,0x00000000d5c00000)
  to   space 1024K, 0% used [0x00000000d5a00000,0x00000000d5a00000,0x00000000d5b00000)
 ParOldGen       total 462336K, used 462117K [0x0000000080000000, 0x000000009c380000, 0x00000000d5580000)
  object space 462336K, 99% used [0x0000000080000000,0x000000009c349418,0x000000009c380000)
 Metaspace       used 77833K, committed 79424K, reserved 1179648K
  class space    used 9536K, committed 10176K, reserved 1048576K
}
Event: 450.485 GC heap after
{Heap after GC invocations=514 (full 3):
 PSYoungGen      total 4096K, used 320K [0x00000000d5580000, 0x00000000d5c00000, 0x0000000100000000)
  eden space 3072K, 0% used [0x00000000d5580000,0x00000000d5580000,0x00000000d5880000)
  from space 1024K, 31% used [0x00000000d5a00000,0x00000000d5a50000,0x00000000d5b00000)
  to   space 512K, 0% used [0x00000000d5b80000,0x00000000d5b80000,0x00000000d5c00000)
 ParOldGen       total 462336K, used 462259K [0x0000000080000000, 0x000000009c380000, 0x00000000d5580000)
  object space 462336K, 99% used [0x0000000080000000,0x000000009c36ce80,0x000000009c380000)
 Metaspace       used 77833K, committed 79424K, reserved 1179648K
  class space    used 9536K, committed 10176K, reserved 1048576K
}
Event: 886.582 GC heap before
{Heap before GC invocations=515 (full 3):
 PSYoungGen      total 4096K, used 3391K [0x00000000d5580000, 0x00000000d5c00000, 0x0000000100000000)
  eden space 3072K, 99% used [0x00000000d5580000,0x00000000d587ffe0,0x00000000d5880000)
  from space 1024K, 31% used [0x00000000d5a00000,0x00000000d5a50000,0x00000000d5b00000)
  to   space 512K, 0% used [0x00000000d5b80000,0x00000000d5b80000,0x00000000d5c00000)
 ParOldGen       total 462336K, used 462259K [0x0000000080000000, 0x000000009c380000, 0x00000000d5580000)
  object space 462336K, 99% used [0x0000000080000000,0x000000009c36ce80,0x000000009c380000)
 Metaspace       used 77854K, committed 79424K, reserved 1179648K
  class space    used 9536K, committed 10176K, reserved 1048576K
}
Event: 886.584 GC heap after
{Heap after GC invocations=515 (full 3):
 PSYoungGen      total 3584K, used 256K [0x00000000d5580000, 0x00000000d5c00000, 0x0000000100000000)
  eden space 3072K, 0% used [0x00000000d5580000,0x00000000d5580000,0x00000000d5880000)
  from space 512K, 50% used [0x00000000d5b80000,0x00000000d5bc0000,0x00000000d5c00000)
  to   space 512K, 0% used [0x00000000d5b00000,0x00000000d5b00000,0x00000000d5b80000)
 ParOldGen       total 462848K, used 462371K [0x0000000080000000, 0x000000009c400000, 0x00000000d5580000)
  object space 462848K, 99% used [0x0000000080000000,0x000000009c388e80,0x000000009c400000)
 Metaspace       used 77854K, committed 79424K, reserved 1179648K
  class space    used 9536K, committed 10176K, reserved 1048576K
}
Event: 3261.740 GC heap before
{Heap before GC invocations=516 (full 3):
 PSYoungGen      total 3584K, used 3328K [0x00000000d5580000, 0x00000000d5c00000, 0x0000000100000000)
  eden space 3072K, 100% used [0x00000000d5580000,0x00000000d5880000,0x00000000d5880000)
  from space 512K, 50% used [0x00000000d5b80000,0x00000000d5bc0000,0x00000000d5c00000)
  to   space 512K, 0% used [0x00000000d5b00000,0x00000000d5b00000,0x00000000d5b80000)
 ParOldGen       total 462848K, used 462371K [0x0000000080000000, 0x000000009c400000, 0x00000000d5580000)
  object space 462848K, 99% used [0x0000000080000000,0x000000009c388e80,0x000000009c400000)
 Metaspace       used 77899K, committed 79488K, reserved 1179648K
  class space    used 9537K, committed 10240K, reserved 1048576K
}
Event: 3261.778 GC heap after
{Heap after GC invocations=516 (full 3):
 PSYoungGen      total 3584K, used 384K [0x00000000d5580000, 0x00000000d5c00000, 0x0000000100000000)
  eden space 3072K, 0% used [0x00000000d5580000,0x00000000d5580000,0x00000000d5880000)
  from space 512K, 75% used [0x00000000d5b00000,0x00000000d5b60000,0x00000000d5b80000)
  to   space 512K, 0% used [0x00000000d5b80000,0x00000000d5b80000,0x00000000d5c00000)
 ParOldGen       total 462848K, used 462403K [0x0000000080000000, 0x000000009c400000, 0x00000000d5580000)
  object space 462848K, 99% used [0x0000000080000000,0x000000009c390e80,0x000000009c400000)
 Metaspace       used 77899K, committed 79488K, reserved 1179648K
  class space    used 9537K, committed 10240K, reserved 1048576K
}
Event: 4896.266 GC heap before
{Heap before GC invocations=517 (full 3):
 PSYoungGen      total 3584K, used 3456K [0x00000000d5580000, 0x00000000d5c00000, 0x0000000100000000)
  eden space 3072K, 100% used [0x00000000d5580000,0x00000000d5880000,0x00000000d5880000)
  from space 512K, 75% used [0x00000000d5b00000,0x00000000d5b60000,0x00000000d5b80000)
  to   space 512K, 0% used [0x00000000d5b80000,0x00000000d5b80000,0x00000000d5c00000)
 ParOldGen       total 462848K, used 462403K [0x0000000080000000, 0x000000009c400000, 0x00000000d5580000)
  object space 462848K, 99% used [0x0000000080000000,0x000000009c390e80,0x000000009c400000)
 Metaspace       used 77945K, committed 79552K, reserved 1179648K
  class space    used 9537K, committed 10240K, reserved 1048576K
}
Event: 4896.268 GC heap after
{Heap after GC invocations=517 (full 3):
 PSYoungGen      total 3584K, used 384K [0x00000000d5580000, 0x00000000d5c00000, 0x0000000100000000)
  eden space 3072K, 0% used [0x00000000d5580000,0x00000000d5580000,0x00000000d5880000)
  from space 512K, 75% used [0x00000000d5b80000,0x00000000d5be0000,0x00000000d5c00000)
  to   space 512K, 0% used [0x00000000d5b00000,0x00000000d5b00000,0x00000000d5b80000)
 ParOldGen       total 462848K, used 462483K [0x0000000080000000, 0x000000009c400000, 0x00000000d5580000)
  object space 462848K, 99% used [0x0000000080000000,0x000000009c3a4e80,0x000000009c400000)
 Metaspace       used 77945K, committed 79552K, reserved 1179648K
  class space    used 9537K, committed 10240K, reserved 1048576K
}
Event: 9392.197 GC heap before
{Heap before GC invocations=518 (full 3):
 PSYoungGen      total 3584K, used 3447K [0x00000000d5580000, 0x00000000d5c00000, 0x0000000100000000)
  eden space 3072K, 99% used [0x00000000d5580000,0x00000000d587dd50,0x00000000d5880000)
  from space 512K, 75% used [0x00000000d5b80000,0x00000000d5be0000,0x00000000d5c00000)
  to   space 512K, 0% used [0x00000000d5b00000,0x00000000d5b00000,0x00000000d5b80000)
 ParOldGen       total 462848K, used 462483K [0x0000000080000000, 0x000000009c400000, 0x00000000d5580000)
  object space 462848K, 99% used [0x0000000080000000,0x000000009c3a4e80,0x000000009c400000)
 Metaspace       used 78000K, committed 79680K, reserved 1179648K
  class space    used 9537K, committed 10240K, reserved 1048576K
}
Event: 9392.388 GC heap after
{Heap after GC invocations=518 (full 3):
 PSYoungGen      total 3584K, used 384K [0x00000000d5580000, 0x00000000d5c00000, 0x0000000100000000)
  eden space 3072K, 0% used [0x00000000d5580000,0x00000000d5580000,0x00000000d5880000)
  from space 512K, 75% used [0x00000000d5b00000,0x00000000d5b60000,0x00000000d5b80000)
  to   space 512K, 0% used [0x00000000d5b80000,0x00000000d5b80000,0x00000000d5c00000)
 ParOldGen       total 462848K, used 462547K [0x0000000080000000, 0x000000009c400000, 0x00000000d5580000)
  object space 462848K, 99% used [0x0000000080000000,0x000000009c3b4e80,0x000000009c400000)
 Metaspace       used 78000K, committed 79680K, reserved 1179648K
  class space    used 9537K, committed 10240K, reserved 1048576K
}
Event: 9909.048 GC heap before
{Heap before GC invocations=519 (full 3):
 PSYoungGen      total 3584K, used 3456K [0x00000000d5580000, 0x00000000d5c00000, 0x0000000100000000)
  eden space 3072K, 100% used [0x00000000d5580000,0x00000000d5880000,0x00000000d5880000)
  from space 512K, 75% used [0x00000000d5b00000,0x00000000d5b60000,0x00000000d5b80000)
  to   space 512K, 0% used [0x00000000d5b80000,0x00000000d5b80000,0x00000000d5c00000)
 ParOldGen       total 462848K, used 462547K [0x0000000080000000, 0x000000009c400000, 0x00000000d5580000)
  object space 462848K, 99% used [0x0000000080000000,0x000000009c3b4e80,0x000000009c400000)
 Metaspace       used 78030K, committed 79680K, reserved 1179648K
  class space    used 9537K, committed 10240K, reserved 1048576K
}
Event: 9909.086 GC heap after
{Heap after GC invocations=519 (full 3):
 PSYoungGen      total 3584K, used 384K [0x00000000d5580000, 0x00000000d5c00000, 0x0000000100000000)
  eden space 3072K, 0% used [0x00000000d5580000,0x00000000d5580000,0x00000000d5880000)
  from space 512K, 75% used [0x00000000d5b80000,0x00000000d5be0000,0x00000000d5c00000)
  to   space 512K, 0% used [0x00000000d5b00000,0x00000000d5b00000,0x00000000d5b80000)
 ParOldGen       total 462848K, used 462603K [0x0000000080000000, 0x000000009c400000, 0x00000000d5580000)
  object space 462848K, 99% used [0x0000000080000000,0x000000009c3c2e80,0x000000009c400000)
 Metaspace       used 78030K, committed 79680K, reserved 1179648K
  class space    used 9537K, committed 10240K, reserved 1048576K
}

